mobile/mpsp/build/app/intermediates/manifest_merge_blame_file/debug/manifest-merger-blame-debug-report.txt
1<?xml version="1.0" encoding="utf-8"?>
2<manifest xmlns:android="http://schemas.android.com/apk/res/android"
3    package="com.example.mpsp"
4    android:versionCode="1"
5    android:versionName="1.0.0" >
6
7    <uses-sdk
8        android:minSdkVersion="16"
9        android:targetSdkVersion="28" />
10    <!--
11         Flutter needs it to communicate with the running application
12         to allow setting breakpoints, to provide hot reload, etc.
13    -->
14    <uses-permission android:name="android.permission.INTERNET" />
14-->src\main\AndroidManifest.xml:52:5-66
14-->src\main\AndroidManifest.xml:52:22-64
15    <!-- Include required permissions for Google Maps API to run. -->
16    <uses-permission android:name="android.permission.ACCESS_NETWORK_STATE" />
16-->[com.google.android.gms:play-services-maps:17.0.0] AndroidManifest.xml:23:5-79
16-->[com.google.android.gms:play-services-maps:17.0.0] AndroidManifest.xml:23:22-76
17
18    <uses-feature
18-->[com.google.android.gms:play-services-maps:17.0.0] AndroidManifest.xml:26:5-28:35
19        android:glEsVersion="0x00020000"
19-->[com.google.android.gms:play-services-maps:17.0.0] AndroidManifest.xml:27:9-41
20        android:required="true" />
20-->[com.google.android.gms:play-services-maps:17.0.0] AndroidManifest.xml:28:9-32
21
22    <uses-permission android:name="android.permission.WAKE_LOCK" /> <!-- Required by older versions of Google Play services to create IID tokens -->
22-->[com.google.firebase:firebase-iid:20.0.2] AndroidManifest.xml:24:5-68
22-->[com.google.firebase:firebase-iid:20.0.2] AndroidManifest.xml:24:22-65
23    <uses-permission android:name="com.google.android.c2dm.permission.RECEIVE" /> <!-- Permissions to be used when using these features -->
23-->[com.google.firebase:firebase-iid:20.0.2] AndroidManifest.xml:26:5-82
23-->[com.google.firebase:firebase-iid:20.0.2] AndroidManifest.xml:26:22-79
24    <uses-permission android:name="android.permission.CAMERA" />
24-->[io.kommunicate.sdk:kommunicate:2.0.5] AndroidManifest.xml:13:5-15:30
24-->[io.kommunicate.sdk:kommunicate:2.0.5] AndroidManifest.xml:14:9-49
25    <uses-permission android:name="android.permission.WRITE_EXTERNAL_STORAGE" />
25-->[io.kommunicate.sdk:kommunicate:2.0.5] AndroidManifest.xml:16:5-18:30
25-->[io.kommunicate.sdk:kommunicate:2.0.5] AndroidManifest.xml:17:9-65
26    <uses-permission android:name="android.permission.READ_EXTERNAL_STORAGE" />
26-->[io.kommunicate.sdk:kommunicate:2.0.5] AndroidManifest.xml:19:5-21:30
26-->[io.kommunicate.sdk:kommunicate:2.0.5] AndroidManifest.xml:20:9-64
27    <uses-permission android:name="android.permission.RECORD_AUDIO" /> <!-- Mandatory permissions -->
27-->[io.kommunicate.sdk:kommunicate:2.0.5] AndroidManifest.xml:22:5-24:30
27-->[io.kommunicate.sdk:kommunicate:2.0.5] AndroidManifest.xml:23:9-55
28    <uses-permission android:name="android.permission.VIBRATE" />
28-->[io.kommunicate.sdk:kommunicate:2.0.5] AndroidManifest.xml:27:5-29:30
28-->[io.kommunicate.sdk:kommunicate:2.0.5] AndroidManifest.xml:28:9-50
29    <uses-permission android:name="android.permission.ACCESS_COARSE_LOCATION" />
29-->[io.kommunicate.sdk:kommunicate:2.0.5] AndroidManifest.xml:30:5-32:30
29-->[io.kommunicate.sdk:kommunicate:2.0.5] AndroidManifest.xml:31:9-65
30    <uses-permission android:name="android.permission.ACCESS_FINE_LOCATION" />
30-->[io.kommunicate.sdk:kommunicate:2.0.5] AndroidManifest.xml:33:5-35:30
30-->[io.kommunicate.sdk:kommunicate:2.0.5] AndroidManifest.xml:34:9-63
31    <uses-permission android:name="android.permission.RECEIVE_BOOT_COMPLETED" />
31-->[io.kommunicate.sdk:kommunicate:2.0.5] AndroidManifest.xml:42:5-44:30
31-->[io.kommunicate.sdk:kommunicate:2.0.5] AndroidManifest.xml:43:9-65
32    <!--
33 io.flutter.app.FlutterApplication is an android.app.Application that
34         calls FlutterMain.startInitialization(this); in its onCreate method.
35         In most cases you can leave this as-is, but you if you want to provide
36         additional functionality it is fine to subclass or reimplement
37         FlutterApplication and put your custom class here.
38    -->
39    <application
39-->src\main\AndroidManifest.xml:9:5-50:19
40        android:name="io.flutter.app.FlutterApplication"
40-->src\main\AndroidManifest.xml:11:9-57
41        android:allowBackup="true"
41-->[io.kommunicate.sdk:kommunicateui:2.0.5] AndroidManifest.xml:13:9-35
42        android:appComponentFactory="androidx.core.app.CoreComponentFactory"
42-->[androidx.core:core:1.1.0] AndroidManifest.xml:24:18-86
43        android:debuggable="true"
44        android:icon="@mipmap/ic_launcher"
44-->src\main\AndroidManifest.xml:13:9-43
45        android:label="mpsp"
45-->src\main\AndroidManifest.xml:12:9-29
46        android:networkSecurityConfig="@xml/network_security_config"
46-->src\main\AndroidManifest.xml:14:9-69
47        android:supportsRtl="true" >
47-->[io.kommunicate.sdk:kommunicateui:2.0.5] AndroidManifest.xml:15:9-35
48        <activity
48-->src\main\AndroidManifest.xml:16:9-44:20
49            android:name="com.example.mpsp.MainActivity"
49-->src\main\AndroidManifest.xml:17:13-41
50            android:configChanges="orientation|keyboardHidden|keyboard|screenSize|smallestScreenSize|locale|layoutDirection|fontScale|screenLayout|density|uiMode"
50-->src\main\AndroidManifest.xml:20:13-163
51            android:hardwareAccelerated="true"
51-->src\main\AndroidManifest.xml:21:13-47
52            android:launchMode="singleTop"
52-->src\main\AndroidManifest.xml:18:13-43
53            android:theme="@style/LaunchTheme"
53-->src\main\AndroidManifest.xml:19:13-47
54            android:windowSoftInputMode="adjustResize" >
54-->src\main\AndroidManifest.xml:22:13-55
55
56            <!--
57                 Specifies an Android theme to apply to this Activity as soon as
58                 the Android process has started. This theme is visible to the user
59                 while the Flutter UI initializes. After that, this theme continues
60                 to determine the Window background behind the Flutter UI.
61            -->
62            <meta-data
62-->src\main\AndroidManifest.xml:27:13-30:17
63                android:name="io.flutter.embedding.android.NormalTheme"
63-->src\main\AndroidManifest.xml:28:15-70
64                android:resource="@style/NormalTheme" />
64-->src\main\AndroidManifest.xml:29:15-52
65            <!--
66                 Displays an Android View that continues showing the launch screen
67                 Drawable until Flutter paints its first frame, then this splash
68                 screen fades out. A splash screen is useful to avoid any visual
69                 gap between the end of Android's launch screen and the painting of
70                 Flutter's first frame.
71            -->
72            <meta-data
72-->src\main\AndroidManifest.xml:36:13-39:17
73                android:name="io.flutter.embedding.android.SplashScreenDrawable"
73-->src\main\AndroidManifest.xml:37:15-79
74                android:resource="@drawable/launch_background" />
74-->src\main\AndroidManifest.xml:38:15-61
75
76            <intent-filter>
76-->src\main\AndroidManifest.xml:40:13-43:29
77                <action android:name="android.intent.action.MAIN" />
77-->src\main\AndroidManifest.xml:41:17-68
77-->src\main\AndroidManifest.xml:41:25-66
78
79                <category android:name="android.intent.category.LAUNCHER" />
79-->src\main\AndroidManifest.xml:42:17-76
79-->src\main\AndroidManifest.xml:42:27-74
80            </intent-filter>
81        </activity>
82        <!--
83             Don't delete the meta-data below.
84             This is used by the Flutter tool to generate GeneratedPluginRegistrant.java
85        -->
86        <meta-data
86-->src\main\AndroidManifest.xml:47:9-49:33
87            android:name="flutterEmbedding"
87-->src\main\AndroidManifest.xml:48:13-44
88            android:value="2" />
88-->src\main\AndroidManifest.xml:49:13-30
89
90        <activity
90-->[:url_launcher] AndroidManifest.xml:8:9-11:74
91            android:name="io.flutter.plugins.urllauncher.UrlLauncherPlugin$WebViewActivity"
91-->[:url_launcher] AndroidManifest.xml:9:13-92
92            android:exported="false"
92-->[:url_launcher] AndroidManifest.xml:10:13-37
93            android:theme="@android:style/Theme.NoTitleBar.Fullscreen" />
93-->[:url_launcher] AndroidManifest.xml:11:13-71
94
95        <provider
95-->[io.kommunicate.sdk:kommunicateui:2.0.5] AndroidManifest.xml:16:9-25:20
96            android:name="com.applozic.mobicomkit.uiwidgets.ALFileProvider"
96-->[io.kommunicate.sdk:kommunicateui:2.0.5] AndroidManifest.xml:17:13-76
97            android:authorities="com.example.mpsp.provider"
97-->[io.kommunicate.sdk:kommunicateui:2.0.5] AndroidManifest.xml:18:13-60
98            android:exported="false"
98-->[io.kommunicate.sdk:kommunicateui:2.0.5] AndroidManifest.xml:19:13-37
99            android:grantUriPermissions="true" >
99-->[io.kommunicate.sdk:kommunicateui:2.0.5] AndroidManifest.xml:20:13-47
100            <meta-data
100-->[io.kommunicate.sdk:kommunicateui:2.0.5] AndroidManifest.xml:22:13-24:67
101                android:name="android.support.FILE_PROVIDER_PATHS"
101-->[io.kommunicate.sdk:kommunicateui:2.0.5] AndroidManifest.xml:23:17-67
102                android:resource="@xml/applozic_provider_paths" />
102-->[io.kommunicate.sdk:kommunicateui:2.0.5] AndroidManifest.xml:24:17-64
103        </provider>
104
105        <service
105-->[io.kommunicate.sdk:kommunicateui:2.0.5] AndroidManifest.xml:27:9-33:19
106            android:name="com.applozic.mobicomkit.uiwidgets.KmFirebaseMessagingService"
106-->[io.kommunicate.sdk:kommunicateui:2.0.5] AndroidManifest.xml:28:13-88
107            android:stopWithTask="false" >
107-->[io.kommunicate.sdk:kommunicateui:2.0.5] AndroidManifest.xml:29:13-41
108            <intent-filter>
108-->[io.kommunicate.sdk:kommunicateui:2.0.5] AndroidManifest.xml:30:13-32:29
109                <action android:name="com.google.firebase.MESSAGING_EVENT" />
109-->[io.kommunicate.sdk:kommunicateui:2.0.5] AndroidManifest.xml:31:17-78
109-->[io.kommunicate.sdk:kommunicateui:2.0.5] AndroidManifest.xml:31:25-75
110            </intent-filter>
111        </service>
112
113        <activity
113-->[io.kommunicate.sdk:kommunicateui:2.0.5] AndroidManifest.xml:35:9-41:34
114            android:name="com.applozic.mobicomkit.uiwidgets.conversation.activity.ConversationActivity"
114-->[io.kommunicate.sdk:kommunicateui:2.0.5] AndroidManifest.xml:36:13-104
115            android:configChanges="keyboardHidden|screenSize|locale|smallestScreenSize|screenLayout|orientation"
115-->[io.kommunicate.sdk:kommunicateui:2.0.5] AndroidManifest.xml:37:13-113
116            android:label="@string/app_name"
116-->[io.kommunicate.sdk:kommunicateui:2.0.5] AndroidManifest.xml:38:13-45
117            android:launchMode="singleTask"
117-->[io.kommunicate.sdk:kommunicateui:2.0.5] AndroidManifest.xml:39:13-44
118            android:theme="@style/ApplozicTheme" />
118-->[io.kommunicate.sdk:kommunicateui:2.0.5] AndroidManifest.xml:40:13-49
119        <activity
119-->[io.kommunicate.sdk:kommunicateui:2.0.5] AndroidManifest.xml:42:9-47:52
120            android:name="com.applozic.mobicomkit.uiwidgets.conversation.activity.ChannelNameActivity"
120-->[io.kommunicate.sdk:kommunicateui:2.0.5] AndroidManifest.xml:43:13-103
121            android:configChanges="keyboardHidden|screenSize|smallestScreenSize|screenLayout|orientation"
121-->[io.kommunicate.sdk:kommunicateui:2.0.5] AndroidManifest.xml:44:13-106
122            android:launchMode="singleTop"
122-->[io.kommunicate.sdk:kommunicateui:2.0.5] AndroidManifest.xml:45:13-43
123            android:parentActivityName="com.applozic.mobicomkit.uiwidgets.conversation.activity.ConversationActivity"
123-->[io.kommunicate.sdk:kommunicateui:2.0.5] AndroidManifest.xml:46:13-118
124            android:theme="@style/ApplozicTheme" />
124-->[io.kommunicate.sdk:kommunicateui:2.0.5] AndroidManifest.xml:47:13-49
125        <activity
125-->[io.kommunicate.sdk:kommunicateui:2.0.5] AndroidManifest.xml:48:9-57:20
126            android:name="com.applozic.mobicomkit.uiwidgets.conversation.activity.ChannelInfoActivity"
126-->[io.kommunicate.sdk:kommunicateui:2.0.5] AndroidManifest.xml:49:13-103
127            android:configChanges="keyboardHidden|screenSize|smallestScreenSize|screenLayout|orientation"
127-->[io.kommunicate.sdk:kommunicateui:2.0.5] AndroidManifest.xml:50:13-106
128            android:launchMode="singleTop"
128-->[io.kommunicate.sdk:kommunicateui:2.0.5] AndroidManifest.xml:51:13-43
129            android:parentActivityName="com.applozic.mobicomkit.uiwidgets.conversation.activity.ConversationActivity"
129-->[io.kommunicate.sdk:kommunicateui:2.0.5] AndroidManifest.xml:52:13-118
130            android:theme="@style/ApplozicTheme" >
130-->[io.kommunicate.sdk:kommunicateui:2.0.5] AndroidManifest.xml:53:13-49
131            <meta-data
131-->[io.kommunicate.sdk:kommunicateui:2.0.5] AndroidManifest.xml:54:13-56:112
132                android:name="android.support.PARENT_ACTIVITY"
132-->[io.kommunicate.sdk:kommunicateui:2.0.5] AndroidManifest.xml:55:17-63
133                android:value="com.applozic.mobicomkit.uiwidgets.conversation.activity.ConversationActivity" />
133-->[io.kommunicate.sdk:kommunicateui:2.0.5] AndroidManifest.xml:56:17-109
134        </activity>
135        <activity
135-->[io.kommunicate.sdk:kommunicateui:2.0.5] AndroidManifest.xml:58:9-63:58
136            android:name="com.applozic.mobicomkit.uiwidgets.conversation.activity.MobicomLocationActivity"
136-->[io.kommunicate.sdk:kommunicateui:2.0.5] AndroidManifest.xml:59:13-107
137            android:configChanges="keyboardHidden|screenSize|smallestScreenSize|screenLayout|orientation"
137-->[io.kommunicate.sdk:kommunicateui:2.0.5] AndroidManifest.xml:60:13-106
138            android:parentActivityName="com.applozic.mobicomkit.uiwidgets.conversation.activity.ConversationActivity"
138-->[io.kommunicate.sdk:kommunicateui:2.0.5] AndroidManifest.xml:61:13-118
139            android:theme="@style/ApplozicTheme"
139-->[io.kommunicate.sdk:kommunicateui:2.0.5] AndroidManifest.xml:62:13-49
140            android:windowSoftInputMode="adjustResize" />
140-->[io.kommunicate.sdk:kommunicateui:2.0.5] AndroidManifest.xml:63:13-55
141        <activity
141-->[io.kommunicate.sdk:kommunicateui:2.0.5] AndroidManifest.xml:64:9-74:20
142            android:name="com.applozic.mobicomkit.uiwidgets.conversation.activity.ContactSelectionActivity"
142-->[io.kommunicate.sdk:kommunicateui:2.0.5] AndroidManifest.xml:65:13-108
143            android:configChanges="keyboardHidden|screenSize|smallestScreenSize|screenLayout|orientation"
143-->[io.kommunicate.sdk:kommunicateui:2.0.5] AndroidManifest.xml:66:13-106
144            android:launchMode="singleTop"
144-->[io.kommunicate.sdk:kommunicateui:2.0.5] AndroidManifest.xml:67:13-43
145            android:parentActivityName="com.applozic.mobicomkit.uiwidgets.conversation.activity.ConversationActivity"
145-->[io.kommunicate.sdk:kommunicateui:2.0.5] AndroidManifest.xml:68:13-118
146            android:theme="@style/ApplozicTheme" >
146-->[io.kommunicate.sdk:kommunicateui:2.0.5] AndroidManifest.xml:69:13-49
147            <meta-data
147-->[io.kommunicate.sdk:kommunicateui:2.0.5] AndroidManifest.xml:54:13-56:112
148                android:name="android.support.PARENT_ACTIVITY"
148-->[io.kommunicate.sdk:kommunicateui:2.0.5] AndroidManifest.xml:55:17-63
149                android:value="com.applozic.mobicomkit.uiwidgets.conversation.activity.ConversationActivity" />
149-->[io.kommunicate.sdk:kommunicateui:2.0.5] AndroidManifest.xml:56:17-109
150        </activity>
151        <activity
151-->[io.kommunicate.sdk:kommunicateui:2.0.5] AndroidManifest.xml:75:9-85:20
152            android:name="com.applozic.mobicomkit.uiwidgets.conversation.activity.ChannelCreateActivity"
152-->[io.kommunicate.sdk:kommunicateui:2.0.5] AndroidManifest.xml:76:13-105
153            android:configChanges="keyboardHidden|screenSize|smallestScreenSize|screenLayout|orientation"
153-->[io.kommunicate.sdk:kommunicateui:2.0.5] AndroidManifest.xml:77:13-106
154            android:launchMode="singleTop"
154-->[io.kommunicate.sdk:kommunicateui:2.0.5] AndroidManifest.xml:78:13-43
155            android:parentActivityName="com.applozic.mobicomkit.uiwidgets.conversation.activity.ConversationActivity"
155-->[io.kommunicate.sdk:kommunicateui:2.0.5] AndroidManifest.xml:79:13-118
156            android:theme="@style/ApplozicTheme" >
156-->[io.kommunicate.sdk:kommunicateui:2.0.5] AndroidManifest.xml:80:13-49
157            <meta-data
157-->[io.kommunicate.sdk:kommunicateui:2.0.5] AndroidManifest.xml:54:13-56:112
158                android:name="android.support.PARENT_ACTIVITY"
158-->[io.kommunicate.sdk:kommunicateui:2.0.5] AndroidManifest.xml:55:17-63
159                android:value="com.applozic.mobicomkit.uiwidgets.conversation.activity.ConversationActivity" />
159-->[io.kommunicate.sdk:kommunicateui:2.0.5] AndroidManifest.xml:56:17-109
160        </activity>
161        <activity
161-->[io.kommunicate.sdk:kommunicateui:2.0.5] AndroidManifest.xml:86:9-98:20
162            android:name="com.applozic.mobicomkit.uiwidgets.conversation.activity.FullScreenImageActivity"
162-->[io.kommunicate.sdk:kommunicateui:2.0.5] AndroidManifest.xml:87:13-107
163            android:configChanges="keyboardHidden|orientation|screenSize"
163-->[io.kommunicate.sdk:kommunicateui:2.0.5] AndroidManifest.xml:88:13-74
164            android:label="Image"
164-->[io.kommunicate.sdk:kommunicateui:2.0.5] AndroidManifest.xml:89:13-34
165            android:parentActivityName="com.applozic.mobicomkit.uiwidgets.conversation.activity.ConversationActivity"
165-->[io.kommunicate.sdk:kommunicateui:2.0.5] AndroidManifest.xml:90:13-118
166            android:theme="@style/Applozic_FullScreen_Theme" >
166-->[io.kommunicate.sdk:kommunicateui:2.0.5] AndroidManifest.xml:91:13-61
167
168            <!-- Parent activity meta-data to support API level 7+ -->
169            <meta-data
169-->[io.kommunicate.sdk:kommunicateui:2.0.5] AndroidManifest.xml:54:13-56:112
170                android:name="android.support.PARENT_ACTIVITY"
170-->[io.kommunicate.sdk:kommunicateui:2.0.5] AndroidManifest.xml:55:17-63
171                android:value="com.applozic.mobicomkit.uiwidgets.conversation.activity.ConversationActivity" />
171-->[io.kommunicate.sdk:kommunicateui:2.0.5] AndroidManifest.xml:56:17-109
172        </activity>
173        <activity
173-->[io.kommunicate.sdk:kommunicateui:2.0.5] AndroidManifest.xml:99:9-106:34
174            android:name="com.applozic.mobicomkit.uiwidgets.conversation.richmessaging.webview.AlWebViewActivity"
174-->[io.kommunicate.sdk:kommunicateui:2.0.5] AndroidManifest.xml:100:13-114
175            android:configChanges="keyboardHidden|orientation|screenSize"
175-->[io.kommunicate.sdk:kommunicateui:2.0.5] AndroidManifest.xml:101:13-74
176            android:label="Image"
176-->[io.kommunicate.sdk:kommunicateui:2.0.5] AndroidManifest.xml:102:13-34
177            android:launchMode="singleTop"
177-->[io.kommunicate.sdk:kommunicateui:2.0.5] AndroidManifest.xml:103:13-43
178            android:parentActivityName="com.applozic.mobicomkit.uiwidgets.conversation.activity.ConversationActivity"
178-->[io.kommunicate.sdk:kommunicateui:2.0.5] AndroidManifest.xml:104:13-118
179            android:theme="@style/ApplozicTheme" />
179-->[io.kommunicate.sdk:kommunicateui:2.0.5] AndroidManifest.xml:105:13-49
180        <activity
180-->[io.kommunicate.sdk:kommunicateui:2.0.5] AndroidManifest.xml:107:9-122:20
181            android:name="com.applozic.mobicomkit.uiwidgets.people.activity.MobiComKitPeopleActivity"
181-->[io.kommunicate.sdk:kommunicateui:2.0.5] AndroidManifest.xml:108:13-102
182            android:configChanges="keyboardHidden|screenSize|smallestScreenSize|screenLayout|orientation"
182-->[io.kommunicate.sdk:kommunicateui:2.0.5] AndroidManifest.xml:109:13-106
183            android:label="@string/app_name"
183-->[io.kommunicate.sdk:kommunicateui:2.0.5] AndroidManifest.xml:110:13-45
184            android:parentActivityName="com.applozic.mobicomkit.uiwidgets.conversation.activity.ConversationActivity"
184-->[io.kommunicate.sdk:kommunicateui:2.0.5] AndroidManifest.xml:111:13-118
185            android:theme="@style/ApplozicTheme"
185-->[io.kommunicate.sdk:kommunicateui:2.0.5] AndroidManifest.xml:112:13-49
186            android:windowSoftInputMode="adjustResize" >
186-->[io.kommunicate.sdk:kommunicateui:2.0.5] AndroidManifest.xml:113:13-55
187
188            <!-- Parent activity meta-data to support API level 7+ -->
189            <meta-data
189-->[io.kommunicate.sdk:kommunicateui:2.0.5] AndroidManifest.xml:54:13-56:112
190                android:name="android.support.PARENT_ACTIVITY"
190-->[io.kommunicate.sdk:kommunicateui:2.0.5] AndroidManifest.xml:55:17-63
191                android:value="com.applozic.mobicomkit.uiwidgets.conversation.activity.ConversationActivity" />
191-->[io.kommunicate.sdk:kommunicateui:2.0.5] AndroidManifest.xml:56:17-109
192            <meta-data
192-->[io.kommunicate.sdk:kommunicateui:2.0.5] AndroidManifest.xml:119:13-121:63
193                android:name="android.app.searchable"
193-->[io.kommunicate.sdk:kommunicateui:2.0.5] AndroidManifest.xml:120:17-54
194                android:resource="@xml/searchable_contacts" />
194-->[io.kommunicate.sdk:kommunicateui:2.0.5] AndroidManifest.xml:121:17-60
195        </activity>
196        <activity
196-->[io.kommunicate.sdk:kommunicateui:2.0.5] AndroidManifest.xml:123:9-127:34
197            android:name="com.applozic.mobicomkit.uiwidgets.kommunicate.activities.LeadCollectionActivity"
197-->[io.kommunicate.sdk:kommunicateui:2.0.5] AndroidManifest.xml:124:13-107
198            android:configChanges="keyboardHidden|orientation|screenSize"
198-->[io.kommunicate.sdk:kommunicateui:2.0.5] AndroidManifest.xml:125:13-74
199            android:theme="@style/ApplozicTheme" />
199-->[io.kommunicate.sdk:kommunicateui:2.0.5] AndroidManifest.xml:126:13-49
200        <activity
200-->[io.kommunicate.sdk:kommunicateui:2.0.5] AndroidManifest.xml:128:9-138:20
201            android:name="com.applozic.mobicomkit.uiwidgets.conversation.activity.MobiComAttachmentSelectorActivity"
201-->[io.kommunicate.sdk:kommunicateui:2.0.5] AndroidManifest.xml:129:13-117
202            android:configChanges="keyboardHidden|screenSize|smallestScreenSize|screenLayout|orientation"
202-->[io.kommunicate.sdk:kommunicateui:2.0.5] AndroidManifest.xml:130:13-106
203            android:launchMode="singleTop"
203-->[io.kommunicate.sdk:kommunicateui:2.0.5] AndroidManifest.xml:131:13-43
204            android:parentActivityName="com.applozic.mobicomkit.uiwidgets.conversation.activity.ConversationActivity"
204-->[io.kommunicate.sdk:kommunicateui:2.0.5] AndroidManifest.xml:132:13-118
205            android:theme="@style/ApplozicTheme"
205-->[io.kommunicate.sdk:kommunicateui:2.0.5] AndroidManifest.xml:133:13-49
206            android:windowSoftInputMode="stateHidden|adjustResize" >
206-->[io.kommunicate.sdk:kommunicateui:2.0.5] AndroidManifest.xml:134:13-67
207            <meta-data
207-->[io.kommunicate.sdk:kommunicateui:2.0.5] AndroidManifest.xml:54:13-56:112
208                android:name="android.support.PARENT_ACTIVITY"
208-->[io.kommunicate.sdk:kommunicateui:2.0.5] AndroidManifest.xml:55:17-63
209                android:value="com.applozic.mobicomkit.uiwidgets.conversation.activity.ConversationActivity" />
209-->[io.kommunicate.sdk:kommunicateui:2.0.5] AndroidManifest.xml:56:17-109
210        </activity>
211        <activity
211-->[io.kommunicate.sdk:kommunicateui:2.0.5] AndroidManifest.xml:139:9-142:34
212            android:name="com.theartofdev.edmodo.cropper.CropImageActivity"
212-->[io.kommunicate.sdk:kommunicateui:2.0.5] AndroidManifest.xml:140:13-76
213            android:theme="@style/Base.Theme.AppCompat" /> <!-- Needs to be explicitly declared on P+ -->
213-->[io.kommunicate.sdk:kommunicateui:2.0.5] AndroidManifest.xml:141:13-56
214        <uses-library
214-->[com.google.android.gms:play-services-maps:17.0.0] AndroidManifest.xml:33:9-35:40
215            android:name="org.apache.http.legacy"
215-->[com.google.android.gms:play-services-maps:17.0.0] AndroidManifest.xml:34:13-50
216            android:required="false" />
216-->[com.google.android.gms:play-services-maps:17.0.0] AndroidManifest.xml:35:13-37
217        <!--
218             FirebaseMessagingService performs security checks at runtime,
219             but set to not exported to explicitly avoid allowing another app to call it.
220        -->
221        <service
221-->[com.google.firebase:firebase-messaging:20.1.0] AndroidManifest.xml:28:9-34:19
222            android:name="com.google.firebase.messaging.FirebaseMessagingService"
222-->[com.google.firebase:firebase-messaging:20.1.0] AndroidManifest.xml:29:13-82
223            android:exported="false" >
223-->[com.google.firebase:firebase-messaging:20.1.0] AndroidManifest.xml:30:13-37
224            <intent-filter android:priority="-500" >
224-->[io.kommunicate.sdk:kommunicateui:2.0.5] AndroidManifest.xml:30:13-32:29
225                <action android:name="com.google.firebase.MESSAGING_EVENT" />
225-->[io.kommunicate.sdk:kommunicateui:2.0.5] AndroidManifest.xml:31:17-78
225-->[io.kommunicate.sdk:kommunicateui:2.0.5] AndroidManifest.xml:31:25-75
226            </intent-filter>
227        </service>
228        <service
228-->[com.google.firebase:firebase-messaging:20.1.0] AndroidManifest.xml:35:9-41:19
229            android:name="com.google.firebase.components.ComponentDiscoveryService"
229-->[com.google.firebase:firebase-messaging:20.1.0] AndroidManifest.xml:36:13-84
230            android:directBootAware="true"
230-->[com.google.firebase:firebase-common:19.3.0] AndroidManifest.xml:34:13-43
231            android:exported="false" >
231-->[com.google.firebase:firebase-messaging:20.1.0] AndroidManifest.xml:37:13-37
232            <meta-data
232-->[com.google.firebase:firebase-messaging:20.1.0] AndroidManifest.xml:38:13-40:85
233                android:name="com.google.firebase.components:com.google.firebase.messaging.FirebaseMessagingRegistrar"
233-->[com.google.firebase:firebase-messaging:20.1.0] AndroidManifest.xml:39:17-119
234                android:value="com.google.firebase.components.ComponentRegistrar" />
234-->[com.google.firebase:firebase-messaging:20.1.0] AndroidManifest.xml:40:17-82
235            <meta-data
235-->[com.google.firebase:firebase-datatransport:17.0.3] AndroidManifest.xml:28:13-30:85
236                android:name="com.google.firebase.components:com.google.firebase.datatransport.TransportRegistrar"
236-->[com.google.firebase:firebase-datatransport:17.0.3] AndroidManifest.xml:29:17-115
237                android:value="com.google.firebase.components.ComponentRegistrar" />
237-->[com.google.firebase:firebase-datatransport:17.0.3] AndroidManifest.xml:30:17-82
238            <meta-data
238-->[com.google.firebase:firebase-iid:20.0.2] AndroidManifest.xml:32:13-34:85
239                android:name="com.google.firebase.components:com.google.firebase.iid.Registrar"
239-->[com.google.firebase:firebase-iid:20.0.2] AndroidManifest.xml:33:17-96
240                android:value="com.google.firebase.components.ComponentRegistrar" />
240-->[com.google.firebase:firebase-iid:20.0.2] AndroidManifest.xml:34:17-82
241        </service>
242
243        <receiver
243-->[com.google.firebase:firebase-iid:20.0.2] AndroidManifest.xml:37:9-44:20
244            android:name="com.google.firebase.iid.FirebaseInstanceIdReceiver"
244-->[com.google.firebase:firebase-iid:20.0.2] AndroidManifest.xml:38:13-78
245            android:exported="true"
245-->[com.google.firebase:firebase-iid:20.0.2] AndroidManifest.xml:39:13-36
246            android:permission="com.google.android.c2dm.permission.SEND" >
246-->[com.google.firebase:firebase-iid:20.0.2] AndroidManifest.xml:40:13-73
247            <intent-filter>
247-->[com.google.firebase:firebase-iid:20.0.2] AndroidManifest.xml:41:13-43:29
248                <action android:name="com.google.android.c2dm.intent.RECEIVE" />
248-->[com.google.firebase:firebase-iid:20.0.2] AndroidManifest.xml:42:17-81
248-->[com.google.firebase:firebase-iid:20.0.2] AndroidManifest.xml:42:25-78
249            </intent-filter>
250        </receiver>
251
252        <provider
252-->[com.google.firebase:firebase-common:19.3.0] AndroidManifest.xml:26:9-30:39
253            android:name="com.google.firebase.provider.FirebaseInitProvider"
253-->[com.google.firebase:firebase-common:19.3.0] AndroidManifest.xml:27:13-77
254            android:authorities="com.example.mpsp.firebaseinitprovider"
254-->[com.google.firebase:firebase-common:19.3.0] AndroidManifest.xml:28:13-72
255            android:exported="false"
255-->[com.google.firebase:firebase-common:19.3.0] AndroidManifest.xml:29:13-37
256            android:initOrder="100" />
256-->[com.google.firebase:firebase-common:19.3.0] AndroidManifest.xml:30:13-36
257
258        <activity
258-->[com.google.android.gms:play-services-base:17.0.0] AndroidManifest.xml:23:9-26:75
259            android:name="com.google.android.gms.common.api.GoogleApiActivity"
259-->[com.google.android.gms:play-services-base:17.0.0] AndroidManifest.xml:24:13-79
260            android:exported="false"
260-->[com.google.android.gms:play-services-base:17.0.0] AndroidManifest.xml:25:13-37
261            android:theme="@android:style/Theme.Translucent.NoTitleBar" />
261-->[com.google.android.gms:play-services-base:17.0.0] AndroidManifest.xml:26:13-72
262
263        <meta-data
263-->[com.google.android.gms:play-services-basement:17.0.0] AndroidManifest.xml:23:9-25:69
264            android:name="com.google.android.gms.version"
264-->[com.google.android.gms:play-services-basement:17.0.0] AndroidManifest.xml:24:13-58
265            android:value="@integer/google_play_services_version" />